<?xml version="1.0" encoding="UTF-8"?>
<!-- Generated by org.testng.reporters.JUnitXMLReporter -->
<testsuite ignored="0" hostname="DESKTOP-S175QS1" failures="0" tests="6" name="Default test" time="37.538" errors="0" timestamp="2022-03-17T14:37:41 GMT-04:00">
  <testcase classname="resolver.testcases.qe_IndexTestCase" name="Test1" time="5.428"/>
  <testcase classname="resolver.testcases.qe_IndexTestCase" name="Test2" time="3.523"/>
  <testcase classname="resolver.testcases.qe_IndexTestCase" name="Test3" time="3.692"/>
  <testcase classname="resolver.testcases.qe_IndexTestCase" name="Test4" time="3.476"/>
  <testcase classname="resolver.testcases.qe_IndexTestCase" name="Test5" time="12.925"/>
  <testcase classname="resolver.testcases.qe_IndexTestCase" name="Test6" time="3.627"/>
</testsuite> <!-- Default test -->
