<?xml version="1.0" encoding="UTF-8"?>
<testng-results ignored="0" total="6" passed="6" failed="0" skipped="0">
  <reporter-output>
  </reporter-output>
  <suite started-at="2022-03-17T14:37:04 GMT-04:00" name="Default suite" finished-at="2022-03-17T14:37:41 GMT-04:00" duration-ms="37538">
    <groups>
    </groups>
    <test started-at="2022-03-17T14:37:04 GMT-04:00" name="Default test" finished-at="2022-03-17T14:37:41 GMT-04:00" duration-ms="37538">
      <class name="resolver.testcases.qe_IndexTestCase">
        <test-method is-config="true" signature="setUp()[pri:0, instance:resolver.testcases.qe_IndexTestCase@3fb1549b]" started-at="2022-03-17T14:37:04 GMT-04:00" name="setUp" finished-at="2022-03-17T14:37:04 GMT-04:00" duration-ms="7" status="PASS">
          <reporter-output>
          </reporter-output>
        </test-method> <!-- setUp -->
        <test-method signature="Test1()[pri:0, instance:resolver.testcases.qe_IndexTestCase@3fb1549b]" started-at="2022-03-17T14:37:04 GMT-04:00" name="Test1" finished-at="2022-03-17T14:37:09 GMT-04:00" duration-ms="5428" status="PASS">
          <reporter-output>
          </reporter-output>
        </test-method> <!-- Test1 -->
        <test-method is-config="true" signature="TearDown()[pri:0, instance:resolver.testcases.qe_IndexTestCase@3fb1549b]" started-at="2022-03-17T14:37:09 GMT-04:00" name="TearDown" finished-at="2022-03-17T14:37:10 GMT-04:00" duration-ms="849" status="PASS">
          <reporter-output>
          </reporter-output>
        </test-method> <!-- TearDown -->
        <test-method is-config="true" signature="setUp()[pri:0, instance:resolver.testcases.qe_IndexTestCase@3fb1549b]" started-at="2022-03-17T14:37:10 GMT-04:00" name="setUp" finished-at="2022-03-17T14:37:10 GMT-04:00" duration-ms="0" status="PASS">
          <reporter-output>
          </reporter-output>
        </test-method> <!-- setUp -->
        <test-method signature="Test2()[pri:0, instance:resolver.testcases.qe_IndexTestCase@3fb1549b]" started-at="2022-03-17T14:37:10 GMT-04:00" name="Test2" finished-at="2022-03-17T14:37:14 GMT-04:00" duration-ms="3523" status="PASS">
          <reporter-output>
          </reporter-output>
        </test-method> <!-- Test2 -->
        <test-method is-config="true" signature="TearDown()[pri:0, instance:resolver.testcases.qe_IndexTestCase@3fb1549b]" started-at="2022-03-17T14:37:14 GMT-04:00" name="TearDown" finished-at="2022-03-17T14:37:14 GMT-04:00" duration-ms="774" status="PASS">
          <reporter-output>
          </reporter-output>
        </test-method> <!-- TearDown -->
        <test-method is-config="true" signature="setUp()[pri:0, instance:resolver.testcases.qe_IndexTestCase@3fb1549b]" started-at="2022-03-17T14:37:14 GMT-04:00" name="setUp" finished-at="2022-03-17T14:37:14 GMT-04:00" duration-ms="1" status="PASS">
          <reporter-output>
          </reporter-output>
        </test-method> <!-- setUp -->
        <test-method signature="Test3()[pri:0, instance:resolver.testcases.qe_IndexTestCase@3fb1549b]" started-at="2022-03-17T14:37:14 GMT-04:00" name="Test3" finished-at="2022-03-17T14:37:18 GMT-04:00" duration-ms="3692" status="PASS">
          <reporter-output>
          </reporter-output>
        </test-method> <!-- Test3 -->
        <test-method is-config="true" signature="TearDown()[pri:0, instance:resolver.testcases.qe_IndexTestCase@3fb1549b]" started-at="2022-03-17T14:37:18 GMT-04:00" name="TearDown" finished-at="2022-03-17T14:37:19 GMT-04:00" duration-ms="785" status="PASS">
          <reporter-output>
          </reporter-output>
        </test-method> <!-- TearDown -->
        <test-method is-config="true" signature="setUp()[pri:0, instance:resolver.testcases.qe_IndexTestCase@3fb1549b]" started-at="2022-03-17T14:37:19 GMT-04:00" name="setUp" finished-at="2022-03-17T14:37:19 GMT-04:00" duration-ms="2" status="PASS">
          <reporter-output>
          </reporter-output>
        </test-method> <!-- setUp -->
        <test-method signature="Test4()[pri:0, instance:resolver.testcases.qe_IndexTestCase@3fb1549b]" started-at="2022-03-17T14:37:19 GMT-04:00" name="Test4" finished-at="2022-03-17T14:37:22 GMT-04:00" duration-ms="3476" status="PASS">
          <reporter-output>
          </reporter-output>
        </test-method> <!-- Test4 -->
        <test-method is-config="true" signature="TearDown()[pri:0, instance:resolver.testcases.qe_IndexTestCase@3fb1549b]" started-at="2022-03-17T14:37:22 GMT-04:00" name="TearDown" finished-at="2022-03-17T14:37:23 GMT-04:00" duration-ms="974" status="PASS">
          <reporter-output>
          </reporter-output>
        </test-method> <!-- TearDown -->
        <test-method is-config="true" signature="setUp()[pri:0, instance:resolver.testcases.qe_IndexTestCase@3fb1549b]" started-at="2022-03-17T14:37:23 GMT-04:00" name="setUp" finished-at="2022-03-17T14:37:23 GMT-04:00" duration-ms="1" status="PASS">
          <reporter-output>
          </reporter-output>
        </test-method> <!-- setUp -->
        <test-method signature="Test5()[pri:0, instance:resolver.testcases.qe_IndexTestCase@3fb1549b]" started-at="2022-03-17T14:37:23 GMT-04:00" name="Test5" finished-at="2022-03-17T14:37:36 GMT-04:00" duration-ms="12925" status="PASS">
          <reporter-output>
          </reporter-output>
        </test-method> <!-- Test5 -->
        <test-method is-config="true" signature="TearDown()[pri:0, instance:resolver.testcases.qe_IndexTestCase@3fb1549b]" started-at="2022-03-17T14:37:36 GMT-04:00" name="TearDown" finished-at="2022-03-17T14:37:37 GMT-04:00" duration-ms="702" status="PASS">
          <reporter-output>
          </reporter-output>
        </test-method> <!-- TearDown -->
        <test-method is-config="true" signature="setUp()[pri:0, instance:resolver.testcases.qe_IndexTestCase@3fb1549b]" started-at="2022-03-17T14:37:37 GMT-04:00" name="setUp" finished-at="2022-03-17T14:37:37 GMT-04:00" duration-ms="1" status="PASS">
          <reporter-output>
          </reporter-output>
        </test-method> <!-- setUp -->
        <test-method signature="Test6()[pri:0, instance:resolver.testcases.qe_IndexTestCase@3fb1549b]" started-at="2022-03-17T14:37:37 GMT-04:00" name="Test6" finished-at="2022-03-17T14:37:41 GMT-04:00" duration-ms="3627" status="PASS">
          <reporter-output>
          </reporter-output>
        </test-method> <!-- Test6 -->
        <test-method is-config="true" signature="TearDown()[pri:0, instance:resolver.testcases.qe_IndexTestCase@3fb1549b]" started-at="2022-03-17T14:37:41 GMT-04:00" name="TearDown" finished-at="2022-03-17T14:37:41 GMT-04:00" duration-ms="708" status="PASS">
          <reporter-output>
          </reporter-output>
        </test-method> <!-- TearDown -->
      </class> <!-- resolver.testcases.qe_IndexTestCase -->
    </test> <!-- Default test -->
  </suite> <!-- Default suite -->
</testng-results>
