<?xml version="1.0" encoding="UTF-8"?>
<!-- Generated by org.testng.reporters.JUnitXMLReporter -->
<testsuite ignored="0" hostname="DESKTOP-S175QS1" failures="0" tests="6" name="Walmart Testcases" time="30.973" errors="0" timestamp="2022-03-17T14:00:14 GMT-04:00">
  <testcase classname="resolver.testcases.qe_IndexTestCase" name="Test1" time="4.815"/>
  <testcase classname="resolver.testcases.qe_IndexTestCase" name="Test2" time="3.391"/>
  <testcase classname="resolver.testcases.qe_IndexTestCase" name="Test3" time="3.481"/>
  <testcase classname="resolver.testcases.qe_IndexTestCase" name="Test4" time="3.452"/>
  <testcase classname="resolver.testcases.qe_IndexTestCase" name="Test5" time="7.409"/>
  <testcase classname="resolver.testcases.qe_IndexTestCase" name="Test6" time="3.429"/>
</testsuite> <!-- Walmart Testcases -->
